08:38:51.402 [TestNG-tests-1] INFO  testCases.TC_001_AccountRegistrationTest - Clicked on My account link
08:38:51.933 [TestNG-tests-1] INFO  testCases.TC_001_AccountRegistrationTest - Clicked on register link
08:38:52.745 [TestNG-tests-2] INFO  testCases.TC_003_LoginDataDrivenTest -  Starting TC_003_LoginDataDrivenTest 
08:38:56.274 [TestNG-tests-1] INFO  testCases.TC_001_AccountRegistrationTest - Clicked on continue
08:38:56.315 [TestNG-tests-1] INFO  testCases.TC_001_AccountRegistrationTest - Validating expected message
08:38:56.319 [TestNG-tests-1] INFO  testCases.TC_001_AccountRegistrationTest - ***  Finished TC_001_AccountRegistrationTest ***
08:44:14.984 [TestNG-tests-1] INFO  testCases.TC_001_AccountRegistrationTest - ***  Starting TC_001_AccountRegistrationTest ***
08:44:15.939 [TestNG-tests-1] INFO  testCases.TC_001_AccountRegistrationTest - Clicked on My account link
08:44:16.869 [TestNG-tests-1] INFO  testCases.TC_001_AccountRegistrationTest - Clicked on register link
08:44:17.574 [TestNG-tests-2] INFO  testCases.TC_003_LoginDataDrivenTest -  Starting TC_003_LoginDataDrivenTest 
08:44:22.969 [TestNG-tests-1] INFO  testCases.TC_001_AccountRegistrationTest - Clicked on continue
08:44:23.014 [TestNG-tests-1] INFO  testCases.TC_001_AccountRegistrationTest - Validating expected message
08:44:23.016 [TestNG-tests-1] INFO  testCases.TC_001_AccountRegistrationTest - ***  Finished TC_001_AccountRegistrationTest ***
08:45:28.136 [TestNG-tests-1] INFO  testCases.TC_001_AccountRegistrationTest - ***  Starting TC_001_AccountRegistrationTest ***
08:45:29.015 [TestNG-tests-1] INFO  testCases.TC_001_AccountRegistrationTest - Clicked on My account link
08:45:29.880 [TestNG-tests-1] INFO  testCases.TC_001_AccountRegistrationTest - Clicked on register link
08:45:30.637 [TestNG-tests-2] INFO  testCases.TC_003_LoginDataDrivenTest -  Starting TC_003_LoginDataDrivenTest 
08:45:35.330 [TestNG-tests-2] INFO  testCases.TC_003_LoginDataDrivenTest -  Finished TC_003_LoginDataDrivenTest
08:45:35.347 [TestNG-tests-1] INFO  testCases.TC_001_AccountRegistrationTest - Clicked on continue
08:45:35.358 [TestNG-tests-2] INFO  testCases.TC_003_LoginDataDrivenTest -  Starting TC_003_LoginDataDrivenTest 
08:45:35.469 [TestNG-tests-1] INFO  testCases.TC_001_AccountRegistrationTest - Validating expected message
08:45:35.470 [TestNG-tests-1] INFO  testCases.TC_001_AccountRegistrationTest - ***  Finished TC_001_AccountRegistrationTest ***
08:45:47.252 [TestNG-tests-2] INFO  testCases.TC_003_LoginDataDrivenTest -  Finished TC_003_LoginDataDrivenTest
08:45:47.252 [TestNG-tests-2] INFO  testCases.TC_003_LoginDataDrivenTest -  Starting TC_003_LoginDataDrivenTest 
08:45:58.151 [TestNG-tests-2] INFO  testCases.TC_003_LoginDataDrivenTest -  Finished TC_003_LoginDataDrivenTest
08:45:58.154 [TestNG-tests-2] INFO  testCases.TC_003_LoginDataDrivenTest -  Starting TC_003_LoginDataDrivenTest 
08:46:09.098 [TestNG-tests-2] INFO  testCases.TC_003_LoginDataDrivenTest -  Finished TC_003_LoginDataDrivenTest
08:46:09.098 [TestNG-tests-2] INFO  testCases.TC_003_LoginDataDrivenTest -  Starting TC_003_LoginDataDrivenTest 
